Using pre-set license
Built from '2020.3/staging' branch; Version is '2020.3.19f1 (68f137dc9bbe) revision 6877495'; Using compiler version '192528614'; Build Type 'Release'
OS: 'Windows 10 Home Single Language; OS build 19042.1348; Version 2009; 64bit' Language: 'en' Physical Memory: 8084 MB
BatchMode: 1, IsHumanControllingUs: 0, StartBugReporterOnCrash: 0, Is64bit: 1, IsPro: 0

COMMAND LINE ARGUMENTS:
C:\install unity\2020.3.19f1\Editor\Unity.exe
-adb2
-batchMode
-noUpm
-name
AssetImportWorker1
-projectPath
C:/unity_projects/Run Race/Run-Race
-logFile
Logs/AssetImportWorker1.log
-srvPort
58406
Successfully changed project path to: C:/unity_projects/Run Race/Run-Race
C:/unity_projects/Run Race/Run-Race
Using Asset Import Pipeline V2.
Refreshing native plugins compatible for Editor in 41.21 ms, found 2 plugins.
Preloading 0 native plugins for Editor in 0.00 ms.
Initialize engine version: 2020.3.19f1 (68f137dc9bbe)
[Subsystems] Discovering subsystems at path C:/install unity/2020.3.19f1/Editor/Data/Resources/UnitySubsystems
[Subsystems] Discovering subsystems at path C:/unity_projects/Run Race/Run-Race/Assets
GfxDevice: creating device client; threaded=0
Direct3D:
    Version:  Direct3D 11.0 [level 11.0]
    Renderer: NVIDIA GeForce 840M (ID=0x1341)
    Vendor:   
    VRAM:     4055 MB
    Driver:   30.0.14.7196
Initialize mono
Mono path[0] = 'C:/install unity/2020.3.19f1/Editor/Data/Managed'
Mono path[1] = 'C:/install unity/2020.3.19f1/Editor/Data/MonoBleedingEdge/lib/mono/unityjit'
Mono config path = 'C:/install unity/2020.3.19f1/Editor/Data/MonoBleedingEdge/etc'
Using monoOptions --debugger-agent=transport=dt_socket,embedding=1,server=y,suspend=n,address=127.0.0.1:56440
Begin MonoManager ReloadAssembly
Registering precompiled unity dll's ...
Register platform support module: C:/install unity/2020.3.19f1/Editor/Data/PlaybackEngines/WindowsStandaloneSupport/UnityEditor.WindowsStandalone.Extensions.dll
Registered in 0.002606 seconds.
Native extension for WindowsStandalone target not found
Refreshing native plugins compatible for Editor in 37.69 ms, found 2 plugins.
Preloading 0 native plugins for Editor in 0.00 ms.
Mono: successfully reloaded assembly
- Completed reload, in  2.890 seconds
Domain Reload Profiling:
	ReloadAssembly (2890ms)
		BeginReloadAssembly (88ms)
			ExecutionOrderSort (0ms)
			DisableScriptedObjects (0ms)
			BackupInstance (0ms)
			ReleaseScriptingObjects (0ms)
			CreateAndSetChildDomain (1ms)
		EndReloadAssembly (581ms)
			LoadAssemblies (85ms)
			RebuildTransferFunctionScriptingTraits (0ms)
			SetupTypeCache (212ms)
			ReleaseScriptCaches (0ms)
			RebuildScriptCaches (50ms)
			SetupLoadedEditorAssemblies (218ms)
				LogAssemblyErrors (0ms)
				InitializePlatformSupportModulesInManaged (7ms)
				SetLoadedEditorAssemblies (1ms)
				RefreshPlugins (38ms)
				BeforeProcessingInitializeOnLoad (23ms)
				ProcessInitializeOnLoadAttributes (111ms)
				ProcessInitializeOnLoadMethodAttributes (39ms)
				AfterProcessingInitializeOnLoad (0ms)
				EditorAssembliesLoaded (0ms)
			ExecutionOrderSort2 (0ms)
			AwakeInstancesAfterBackupRestoration (0ms)
Platform modules already initialized, skipping
Registering precompiled user dll's ...
Registered in 0.003666 seconds.
Begin MonoManager ReloadAssembly
Native extension for WindowsStandalone target not found
Refreshing native plugins compatible for Editor in 0.64 ms, found 2 plugins.
Preloading 0 native plugins for Editor in 0.00 ms.
Mono: successfully reloaded assembly
- Completed reload, in  1.430 seconds
Domain Reload Profiling:
	ReloadAssembly (1431ms)
		BeginReloadAssembly (205ms)
			ExecutionOrderSort (0ms)
			DisableScriptedObjects (7ms)
			BackupInstance (0ms)
			ReleaseScriptingObjects (0ms)
			CreateAndSetChildDomain (28ms)
		EndReloadAssembly (1140ms)
			LoadAssemblies (115ms)
			RebuildTransferFunctionScriptingTraits (0ms)
			SetupTypeCache (397ms)
			ReleaseScriptCaches (0ms)
			RebuildScriptCaches (66ms)
			SetupLoadedEditorAssemblies (437ms)
				LogAssemblyErrors (0ms)
				InitializePlatformSupportModulesInManaged (7ms)
				SetLoadedEditorAssemblies (1ms)
				RefreshPlugins (1ms)
				BeforeProcessingInitializeOnLoad (107ms)
				ProcessInitializeOnLoadAttributes (307ms)
				ProcessInitializeOnLoadMethodAttributes (6ms)
				AfterProcessingInitializeOnLoad (9ms)
				EditorAssembliesLoaded (0ms)
			ExecutionOrderSort2 (0ms)
			AwakeInstancesAfterBackupRestoration (9ms)
Platform modules already initialized, skipping
========================================================================
Worker process is ready to serve import requests
Launched and connected shader compiler UnityShaderCompiler.exe after 0.12 seconds
Refreshing native plugins compatible for Editor in 0.41 ms, found 2 plugins.
Preloading 0 native plugins for Editor in 0.00 ms.
Unloading 1408 Unused Serialized files (Serialized files now loaded: 0)
System memory in use before: 65.2 MB.
System memory in use after: 65.3 MB.

Unloading 16 unused Assets to reduce memory usage. Loaded Objects now: 1844.
Total: 3.984500 ms (FindLiveObjects: 0.160700 ms CreateObjectMapping: 0.084000 ms MarkObjects: 3.650300 ms  DeleteObjects: 0.087900 ms)

AssetImportParameters requested are different than current active one (requested -> active):
  custom:framework-win-MediaFoundation: 216162199b28c13a410421893ffa2e32 -> 
  custom:video-decoder-ogg-theora: a1e56fd34408186e4bbccfd4996cb3dc -> 
  custom:container-muxer-webm: aa71ff27fc2769a1b78a27578f13a17b -> 
  custom:container-demuxer-webm: 4f35f7cbe854078d1ac9338744f61a02 -> 
  custom:container-demuxer-ogg: 62fdf1f143b41e24485cea50d1cbac27 -> 
  custom:video-encoder-webm-vp8: eb34c28f22e8b96e1ab97ce403110664 -> 
  custom:video-decoder-webm-vp8: 9c59270c3fd7afecdb556c50c9e8de78 -> 
  custom:audio-decoder-ogg-vorbis: bf7c407c2cedff20999df2af8eb42d56 -> 
  custom:audio-encoder-webm-vorbis: bf7c407c2cedff20999df2af8eb42d56 -> 
========================================================================
Received Import Request.
  path: Assets/Scripts/Bot Scripts/AIController.cs
  artifactKey: Guid(59b563ee507bb884bb54ed85a21ade75) Importer(815301076,1909f56bfc062723c751e8b465ee728b)
Start importing Assets/Scripts/Bot Scripts/AIController.cs using Guid(59b563ee507bb884bb54ed85a21ade75) Importer(815301076,1909f56bfc062723c751e8b465ee728b)  -> (artifact id: '0479efaf11a25c65ad38e72114ec2aa8') in 0.116865 seconds 
  Import took 0.142539 seconds .

========================================================================
Received Import Request.
  Time since last request: 2809.495444 seconds.
  path: Assets/Scenes
  artifactKey: Guid(94b9daef0cee16a4aab76324fe9769da) Importer(815301076,1909f56bfc062723c751e8b465ee728b)
Start importing Assets/Scenes using Guid(94b9daef0cee16a4aab76324fe9769da) Importer(815301076,1909f56bfc062723c751e8b465ee728b)  -> (artifact id: 'a1a6958c7724276855ce798245d48895') in 0.034771 seconds 
  Import took 0.051772 seconds .

========================================================================
Received Import Request.
  Time since last request: 8.052196 seconds.
  path: Assets/Scenes/Levvels
  artifactKey: Guid(4ea5a1d62dea8854d958aa740fadeef6) Importer(815301076,1909f56bfc062723c751e8b465ee728b)
Start importing Assets/Scenes/Levvels using Guid(4ea5a1d62dea8854d958aa740fadeef6) Importer(815301076,1909f56bfc062723c751e8b465ee728b)  -> (artifact id: 'd165b74af5ff970ad3975513d3273cc5') in 0.012172 seconds 
  Import took 0.022417 seconds .

========================================================================
Received Import Request.
  Time since last request: 3.973980 seconds.
  path: Assets/Scenes/Levels
  artifactKey: Guid(4ea5a1d62dea8854d958aa740fadeef6) Importer(815301076,1909f56bfc062723c751e8b465ee728b)
Start importing Assets/Scenes/Levels using Guid(4ea5a1d62dea8854d958aa740fadeef6) Importer(815301076,1909f56bfc062723c751e8b465ee728b)  -> (artifact id: '865780b50780aaaf67473481d9778436') in 0.011125 seconds 
  Import took 0.016044 seconds .

========================================================================
Received Import Request.
  Time since last request: 407.831293 seconds.
  path: Assets
  artifactKey: Guid(00000000000000001000000000000000) Importer(815301076,1909f56bfc062723c751e8b465ee728b)
Start importing Assets using Guid(00000000000000001000000000000000) Importer(815301076,1909f56bfc062723c751e8b465ee728b)  -> (artifact id: '42d402b061de3733987d63b9cc3b64de') in 0.013950 seconds 
  Import took 0.033342 seconds .

========================================================================
Received Import Request.
  Time since last request: 5.526819 seconds.
  path: Assets/Prefabs
  artifactKey: Guid(bc1e2e3f827cdd440a3c1d94336cd644) Importer(815301076,1909f56bfc062723c751e8b465ee728b)
Start importing Assets/Prefabs using Guid(bc1e2e3f827cdd440a3c1d94336cd644) Importer(815301076,1909f56bfc062723c751e8b465ee728b)  -> (artifact id: '9c19b94fc5f7b052abffeffc10b74a1b') in 0.016042 seconds 
  Import took 0.021143 seconds .

========================================================================
Received Import Request.
  Time since last request: 15.826647 seconds.
  path: Assets/Prefabs/Runners
  artifactKey: Guid(c4956fae3be399a4c8212ae37aa399c0) Importer(815301076,1909f56bfc062723c751e8b465ee728b)
Start importing Assets/Prefabs/Runners using Guid(c4956fae3be399a4c8212ae37aa399c0) Importer(815301076,1909f56bfc062723c751e8b465ee728b)  -> (artifact id: '59a4884f4e5d1cfc7b6a3bc17193dff7') in 0.012386 seconds 
  Import took 0.021739 seconds .

========================================================================
Received Import Request.
  Time since last request: 18.746045 seconds.
  path: Assets/Prefabs/Runners/Player.prefab
  artifactKey: Guid(1914efe4e2b82a64483248008aa8bcbb) Importer(815301076,1909f56bfc062723c751e8b465ee728b)
Start importing Assets/Prefabs/Runners/Player.prefab using Guid(1914efe4e2b82a64483248008aa8bcbb) Importer(815301076,1909f56bfc062723c751e8b465ee728b)  -> (artifact id: '364e2206c98de43429617803395e5fac') in 1.048325 seconds 
  Import took 1.072543 seconds .

========================================================================
Received Import Request.
  Time since last request: 1.693468 seconds.
  path: Assets/Prefabs/Runners/Bot1.prefab
  artifactKey: Guid(22cfb654c3853ae418e95041c05a3f96) Importer(815301076,1909f56bfc062723c751e8b465ee728b)
Start importing Assets/Prefabs/Runners/Bot1.prefab using Guid(22cfb654c3853ae418e95041c05a3f96) Importer(815301076,1909f56bfc062723c751e8b465ee728b)  -> (artifact id: 'bcf39ddeffd426c9febf1b26f3b9bbe9') in 0.500042 seconds 
  Import took 0.526845 seconds .

========================================================================
Received Import Request.
  Time since last request: 2.005011 seconds.
  path: Assets/Prefabs/Runners/Bot2.prefab
  artifactKey: Guid(3f742acc3cfe2174da0608224ded5af3) Importer(815301076,1909f56bfc062723c751e8b465ee728b)
Start importing Assets/Prefabs/Runners/Bot2.prefab using Guid(3f742acc3cfe2174da0608224ded5af3) Importer(815301076,1909f56bfc062723c751e8b465ee728b)  -> (artifact id: '95d1ebbf3df0ca7d5df484857261d44a') in 0.483924 seconds 
  Import took 0.505166 seconds .

========================================================================
Received Import Request.
  Time since last request: 28.874328 seconds.
  path: Assets/Prefabs/GameManager.prefab
  artifactKey: Guid(5fb771d79840a40439d9ad1e60c88b96) Importer(815301076,1909f56bfc062723c751e8b465ee728b)
Start importing Assets/Prefabs/GameManager.prefab using Guid(5fb771d79840a40439d9ad1e60c88b96) Importer(815301076,1909f56bfc062723c751e8b465ee728b)  -> (artifact id: 'dc5c0c2762c8c0a7bc5fffce2705b13c') in 0.020163 seconds 
  Import took 0.025810 seconds .

========================================================================
Received Import Request.
  Time since last request: 7.372789 seconds.
  path: Assets/Prefabs/GameUI.prefab
  artifactKey: Guid(b07847d71cb44174da1729ce5aa73ee7) Importer(815301076,1909f56bfc062723c751e8b465ee728b)
Start importing Assets/Prefabs/GameUI.prefab using Guid(b07847d71cb44174da1729ce5aa73ee7) Importer(815301076,1909f56bfc062723c751e8b465ee728b)  -> (artifact id: '67ba719f3dffac1e683a312c3cd6bcbc') in 0.231212 seconds 
  Import took 0.249087 seconds .

========================================================================
Received Import Request.
  Time since last request: 9.976758 seconds.
  path: Assets/Prefabs/Main Camera.prefab
  artifactKey: Guid(a76d36a3b5452754993ca049006f3e2f) Importer(815301076,1909f56bfc062723c751e8b465ee728b)
Start importing Assets/Prefabs/Main Camera.prefab using Guid(a76d36a3b5452754993ca049006f3e2f) Importer(815301076,1909f56bfc062723c751e8b465ee728b)  -> (artifact id: 'd8b55ea2ec4d336351b325942be7bf62') in 0.013019 seconds 
  Import took 0.017567 seconds .

========================================================================
Received Import Request.
  Time since last request: 505.273771 seconds.
  path: Assets/Scenes/Levels/2.unity
  artifactKey: Guid(614617d8d50e58f41aba09985554c412) Importer(815301076,1909f56bfc062723c751e8b465ee728b)
Start importing Assets/Scenes/Levels/2.unity using Guid(614617d8d50e58f41aba09985554c412) Importer(815301076,1909f56bfc062723c751e8b465ee728b)  -> (artifact id: 'bb3a1c1e9190e998c0687ff8559869f4') in 0.017038 seconds 
  Import took 0.040543 seconds .

========================================================================
Received Import Request.
  Time since last request: 62.044437 seconds.
  path: Assets/Scenes/Levels/1.unity
  artifactKey: Guid(cf19c6bb9de042a4ab6091db7bde4642) Importer(815301076,1909f56bfc062723c751e8b465ee728b)
Start importing Assets/Scenes/Levels/1.unity using Guid(cf19c6bb9de042a4ab6091db7bde4642) Importer(815301076,1909f56bfc062723c751e8b465ee728b)  -> (artifact id: '706bcae2acaa23aa91c8e2d9b719e9eb') in 0.026696 seconds 
  Import took 0.040394 seconds .

========================================================================
Received Import Request.
  Time since last request: 15.985525 seconds.
  path: Assets/Prefabs/Finish.prefab
  artifactKey: Guid(800d3f52eb62be840b48f1c56b766564) Importer(815301076,1909f56bfc062723c751e8b465ee728b)
Start importing Assets/Prefabs/Finish.prefab using Guid(800d3f52eb62be840b48f1c56b766564) Importer(815301076,1909f56bfc062723c751e8b465ee728b)  -> (artifact id: '6d8181329cbd4ab41f2aa7d450e55d4d') in 0.038462 seconds 
  Import took 0.058081 seconds .

========================================================================
Received Import Request.
  Time since last request: 7396.704267 seconds.
  path: Assets/Scenes/Levels/1.unity
  artifactKey: Guid(cf19c6bb9de042a4ab6091db7bde4642) Importer(815301076,1909f56bfc062723c751e8b465ee728b)
Start importing Assets/Scenes/Levels/1.unity using Guid(cf19c6bb9de042a4ab6091db7bde4642) Importer(815301076,1909f56bfc062723c751e8b465ee728b)  -> (artifact id: '7547e41c68838431bd094b206fd8e0a3') in 0.019159 seconds 
  Import took 0.057941 seconds .

========================================================================
Received Import Request.
  Time since last request: 24.847704 seconds.
  path: Assets/Scenes/Levels/2Settings.lighting
  artifactKey: Guid(dd794b81b827fc54499c2cf80632c1eb) Importer(815301076,1909f56bfc062723c751e8b465ee728b)
Start importing Assets/Scenes/Levels/2Settings.lighting using Guid(dd794b81b827fc54499c2cf80632c1eb) Importer(815301076,1909f56bfc062723c751e8b465ee728b)  -> (artifact id: '43f82a0429fe9319d616029efe2b3b2b') in 0.044024 seconds 
  Import took 0.047129 seconds .

========================================================================
Received Import Request.
  Time since last request: 30.640669 seconds.
  path: Assets/Prefabs/CheckPoint1.prefab
  artifactKey: Guid(b7af527c6a58b4d419925fda9371e716) Importer(815301076,1909f56bfc062723c751e8b465ee728b)
Start importing Assets/Prefabs/CheckPoint1.prefab using Guid(b7af527c6a58b4d419925fda9371e716) Importer(815301076,1909f56bfc062723c751e8b465ee728b)  -> (artifact id: 'c714b5cbaba8eab7c0a348d7e62e5967') in 0.013530 seconds 
  Import took 0.048014 seconds .

========================================================================
Received Import Request.
  Time since last request: 154.147934 seconds.
  path: Assets/Scenes/Levels/2.unity
  artifactKey: Guid(614617d8d50e58f41aba09985554c412) Importer(815301076,1909f56bfc062723c751e8b465ee728b)
Start importing Assets/Scenes/Levels/2.unity using Guid(614617d8d50e58f41aba09985554c412) Importer(815301076,1909f56bfc062723c751e8b465ee728b)  -> (artifact id: '9f93b0c4e9203d1e33d58abf9811f06e') in 0.014370 seconds 
  Import took 0.021047 seconds .

========================================================================
Received Prepare
Registering precompiled user dll's ...
Registered in 0.003808 seconds.
Begin MonoManager ReloadAssembly
Native extension for WindowsStandalone target not found
Refreshing native plugins compatible for Editor in 0.43 ms, found 2 plugins.
Preloading 0 native plugins for Editor in 0.00 ms.
Mono: successfully reloaded assembly
- Completed reload, in  1.711 seconds
Domain Reload Profiling:
	ReloadAssembly (1712ms)
		BeginReloadAssembly (263ms)
			ExecutionOrderSort (0ms)
			DisableScriptedObjects (14ms)
			BackupInstance (0ms)
			ReleaseScriptingObjects (0ms)
			CreateAndSetChildDomain (133ms)
		EndReloadAssembly (1358ms)
			LoadAssemblies (128ms)
			RebuildTransferFunctionScriptingTraits (0ms)
			SetupTypeCache (481ms)
			ReleaseScriptCaches (1ms)
			RebuildScriptCaches (76ms)
			SetupLoadedEditorAssemblies (515ms)
				LogAssemblyErrors (0ms)
				InitializePlatformSupportModulesInManaged (8ms)
				SetLoadedEditorAssemblies (1ms)
				RefreshPlugins (1ms)
				BeforeProcessingInitializeOnLoad (141ms)
				ProcessInitializeOnLoadAttributes (347ms)
				ProcessInitializeOnLoadMethodAttributes (7ms)
				AfterProcessingInitializeOnLoad (9ms)
				EditorAssembliesLoaded (0ms)
			ExecutionOrderSort2 (0ms)
			AwakeInstancesAfterBackupRestoration (11ms)
Platform modules already initialized, skipping
Refreshing native plugins compatible for Editor in 0.50 ms, found 2 plugins.
Preloading 0 native plugins for Editor in 0.00 ms.
Unloading 1402 Unused Serialized files (Serialized files now loaded: 0)
System memory in use before: 82.0 MB.
System memory in use after: 82.1 MB.

Unloading 11 unused Assets to reduce memory usage. Loaded Objects now: 1856.
Total: 8.072400 ms (FindLiveObjects: 0.237600 ms CreateObjectMapping: 0.133900 ms MarkObjects: 7.672900 ms  DeleteObjects: 0.025900 ms)

AssetImportParameters requested are different than current active one (requested -> active):
  custom:framework-win-MediaFoundation: 216162199b28c13a410421893ffa2e32 -> 
  custom:video-decoder-ogg-theora: a1e56fd34408186e4bbccfd4996cb3dc -> 
  custom:container-muxer-webm: aa71ff27fc2769a1b78a27578f13a17b -> 
  custom:container-demuxer-webm: 4f35f7cbe854078d1ac9338744f61a02 -> 
  custom:container-demuxer-ogg: 62fdf1f143b41e24485cea50d1cbac27 -> 
  custom:video-encoder-webm-vp8: eb34c28f22e8b96e1ab97ce403110664 -> 
  custom:video-decoder-webm-vp8: 9c59270c3fd7afecdb556c50c9e8de78 -> 
  custom:audio-decoder-ogg-vorbis: bf7c407c2cedff20999df2af8eb42d56 -> 
  custom:audio-encoder-webm-vorbis: bf7c407c2cedff20999df2af8eb42d56 -> 
========================================================================
Received Prepare
Registering precompiled user dll's ...
Registered in 0.005422 seconds.
Begin MonoManager ReloadAssembly
Native extension for WindowsStandalone target not found
Refreshing native plugins compatible for Editor in 0.39 ms, found 2 plugins.
Preloading 0 native plugins for Editor in 0.00 ms.
Mono: successfully reloaded assembly
- Completed reload, in  1.586 seconds
Domain Reload Profiling:
	ReloadAssembly (1586ms)
		BeginReloadAssembly (189ms)
			ExecutionOrderSort (0ms)
			DisableScriptedObjects (8ms)
			BackupInstance (0ms)
			ReleaseScriptingObjects (0ms)
			CreateAndSetChildDomain (57ms)
		EndReloadAssembly (1282ms)
			LoadAssemblies (150ms)
			RebuildTransferFunctionScriptingTraits (0ms)
			SetupTypeCache (504ms)
			ReleaseScriptCaches (1ms)
			RebuildScriptCaches (65ms)
			SetupLoadedEditorAssemblies (439ms)
				LogAssemblyErrors (0ms)
				InitializePlatformSupportModulesInManaged (8ms)
				SetLoadedEditorAssemblies (1ms)
				RefreshPlugins (0ms)
				BeforeProcessingInitializeOnLoad (113ms)
				ProcessInitializeOnLoadAttributes (302ms)
				ProcessInitializeOnLoadMethodAttributes (6ms)
				AfterProcessingInitializeOnLoad (9ms)
				EditorAssembliesLoaded (0ms)
			ExecutionOrderSort2 (0ms)
			AwakeInstancesAfterBackupRestoration (10ms)
Platform modules already initialized, skipping
Refreshing native plugins compatible for Editor in 0.51 ms, found 2 plugins.
Preloading 0 native plugins for Editor in 0.00 ms.
Unloading 1402 Unused Serialized files (Serialized files now loaded: 0)
System memory in use before: 82.0 MB.
System memory in use after: 82.1 MB.

Unloading 11 unused Assets to reduce memory usage. Loaded Objects now: 1858.
Total: 4.453900 ms (FindLiveObjects: 0.210500 ms CreateObjectMapping: 0.061200 ms MarkObjects: 4.151400 ms  DeleteObjects: 0.029100 ms)

AssetImportParameters requested are different than current active one (requested -> active):
  custom:framework-win-MediaFoundation: 216162199b28c13a410421893ffa2e32 -> 
  custom:video-decoder-ogg-theora: a1e56fd34408186e4bbccfd4996cb3dc -> 
  custom:container-muxer-webm: aa71ff27fc2769a1b78a27578f13a17b -> 
  custom:container-demuxer-webm: 4f35f7cbe854078d1ac9338744f61a02 -> 
  custom:container-demuxer-ogg: 62fdf1f143b41e24485cea50d1cbac27 -> 
  custom:video-encoder-webm-vp8: eb34c28f22e8b96e1ab97ce403110664 -> 
  custom:video-decoder-webm-vp8: 9c59270c3fd7afecdb556c50c9e8de78 -> 
  custom:audio-decoder-ogg-vorbis: bf7c407c2cedff20999df2af8eb42d56 -> 
  custom:audio-encoder-webm-vorbis: bf7c407c2cedff20999df2af8eb42d56 -> 
========================================================================
Received Prepare
Registering precompiled user dll's ...
Registered in 0.005849 seconds.
Begin MonoManager ReloadAssembly
Native extension for WindowsStandalone target not found
Refreshing native plugins compatible for Editor in 0.45 ms, found 2 plugins.
Preloading 0 native plugins for Editor in 0.00 ms.
Mono: successfully reloaded assembly
- Completed reload, in  1.590 seconds
Domain Reload Profiling:
	ReloadAssembly (1590ms)
		BeginReloadAssembly (191ms)
			ExecutionOrderSort (0ms)
			DisableScriptedObjects (10ms)
			BackupInstance (0ms)
			ReleaseScriptingObjects (0ms)
			CreateAndSetChildDomain (61ms)
		EndReloadAssembly (1285ms)
			LoadAssemblies (162ms)
			RebuildTransferFunctionScriptingTraits (0ms)
			SetupTypeCache (504ms)
			ReleaseScriptCaches (1ms)
			RebuildScriptCaches (69ms)
			SetupLoadedEditorAssemblies (441ms)
				LogAssemblyErrors (0ms)
				InitializePlatformSupportModulesInManaged (9ms)
				SetLoadedEditorAssemblies (1ms)
				RefreshPlugins (1ms)
				BeforeProcessingInitializeOnLoad (107ms)
				ProcessInitializeOnLoadAttributes (309ms)
				ProcessInitializeOnLoadMethodAttributes (5ms)
				AfterProcessingInitializeOnLoad (9ms)
				EditorAssembliesLoaded (1ms)
			ExecutionOrderSort2 (0ms)
			AwakeInstancesAfterBackupRestoration (9ms)
Platform modules already initialized, skipping
Refreshing native plugins compatible for Editor in 0.42 ms, found 2 plugins.
Preloading 0 native plugins for Editor in 0.00 ms.
Unloading 1402 Unused Serialized files (Serialized files now loaded: 0)
System memory in use before: 82.0 MB.
System memory in use after: 82.1 MB.

Unloading 11 unused Assets to reduce memory usage. Loaded Objects now: 1860.
Total: 4.527600 ms (FindLiveObjects: 0.160700 ms CreateObjectMapping: 0.058800 ms MarkObjects: 4.274700 ms  DeleteObjects: 0.031400 ms)

AssetImportParameters requested are different than current active one (requested -> active):
  custom:framework-win-MediaFoundation: 216162199b28c13a410421893ffa2e32 -> 
  custom:video-decoder-ogg-theora: a1e56fd34408186e4bbccfd4996cb3dc -> 
  custom:container-muxer-webm: aa71ff27fc2769a1b78a27578f13a17b -> 
  custom:container-demuxer-webm: 4f35f7cbe854078d1ac9338744f61a02 -> 
  custom:container-demuxer-ogg: 62fdf1f143b41e24485cea50d1cbac27 -> 
  custom:video-encoder-webm-vp8: eb34c28f22e8b96e1ab97ce403110664 -> 
  custom:video-decoder-webm-vp8: 9c59270c3fd7afecdb556c50c9e8de78 -> 
  custom:audio-decoder-ogg-vorbis: bf7c407c2cedff20999df2af8eb42d56 -> 
  custom:audio-encoder-webm-vorbis: bf7c407c2cedff20999df2af8eb42d56 -> 
========================================================================
Received Prepare
Registering precompiled user dll's ...
Registered in 0.008004 seconds.
Begin MonoManager ReloadAssembly
Native extension for WindowsStandalone target not found
Refreshing native plugins compatible for Editor in 0.84 ms, found 2 plugins.
Preloading 0 native plugins for Editor in 0.00 ms.
Mono: successfully reloaded assembly
- Completed reload, in  2.447 seconds
Domain Reload Profiling:
	ReloadAssembly (2448ms)
		BeginReloadAssembly (278ms)
			ExecutionOrderSort (0ms)
			DisableScriptedObjects (9ms)
			BackupInstance (0ms)
			ReleaseScriptingObjects (0ms)
			CreateAndSetChildDomain (59ms)
		EndReloadAssembly (1998ms)
			LoadAssemblies (291ms)
			RebuildTransferFunctionScriptingTraits (0ms)
			SetupTypeCache (669ms)
			ReleaseScriptCaches (1ms)
			RebuildScriptCaches (93ms)
			SetupLoadedEditorAssemblies (746ms)
				LogAssemblyErrors (0ms)
				InitializePlatformSupportModulesInManaged (21ms)
				SetLoadedEditorAssemblies (1ms)
				RefreshPlugins (1ms)
				BeforeProcessingInitializeOnLoad (183ms)
				ProcessInitializeOnLoadAttributes (518ms)
				ProcessInitializeOnLoadMethodAttributes (8ms)
				AfterProcessingInitializeOnLoad (13ms)
				EditorAssembliesLoaded (1ms)
			ExecutionOrderSort2 (0ms)
			AwakeInstancesAfterBackupRestoration (15ms)
Platform modules already initialized, skipping
Refreshing native plugins compatible for Editor in 0.50 ms, found 2 plugins.
Preloading 0 native plugins for Editor in 0.00 ms.
Unloading 1402 Unused Serialized files (Serialized files now loaded: 0)
System memory in use before: 82.1 MB.
System memory in use after: 82.2 MB.

Unloading 11 unused Assets to reduce memory usage. Loaded Objects now: 1862.
Total: 5.883100 ms (FindLiveObjects: 0.495900 ms CreateObjectMapping: 0.170000 ms MarkObjects: 5.185800 ms  DeleteObjects: 0.028900 ms)

AssetImportParameters requested are different than current active one (requested -> active):
  custom:framework-win-MediaFoundation: 216162199b28c13a410421893ffa2e32 -> 
  custom:video-decoder-ogg-theora: a1e56fd34408186e4bbccfd4996cb3dc -> 
  custom:container-muxer-webm: aa71ff27fc2769a1b78a27578f13a17b -> 
  custom:container-demuxer-webm: 4f35f7cbe854078d1ac9338744f61a02 -> 
  custom:container-demuxer-ogg: 62fdf1f143b41e24485cea50d1cbac27 -> 
  custom:video-encoder-webm-vp8: eb34c28f22e8b96e1ab97ce403110664 -> 
  custom:video-decoder-webm-vp8: 9c59270c3fd7afecdb556c50c9e8de78 -> 
  custom:audio-decoder-ogg-vorbis: bf7c407c2cedff20999df2af8eb42d56 -> 
  custom:audio-encoder-webm-vorbis: bf7c407c2cedff20999df2af8eb42d56 -> 
========================================================================
Received Import Request.
  Time since last request: 1032.260729 seconds.
  path: Assets/Scenes/Levels/2.unity
  artifactKey: Guid(614617d8d50e58f41aba09985554c412) Importer(815301076,1909f56bfc062723c751e8b465ee728b)
Start importing Assets/Scenes/Levels/2.unity using Guid(614617d8d50e58f41aba09985554c412) Importer(815301076,1909f56bfc062723c751e8b465ee728b)  -> (artifact id: '60adb5e82933ac62d3f9cfc2be33ab4d') in 0.046341 seconds 
  Import took 0.061071 seconds .

========================================================================
Received Import Request.
  Time since last request: 1.193450 seconds.
  path: Assets/Scenes/Levels/2.unity
  artifactKey: Guid(614617d8d50e58f41aba09985554c412) Importer(815301076,1909f56bfc062723c751e8b465ee728b)
Start importing Assets/Scenes/Levels/2.unity using Guid(614617d8d50e58f41aba09985554c412) Importer(815301076,1909f56bfc062723c751e8b465ee728b)  -> (artifact id: 'd92a5cd6862a7ae1dc0917f9eb74c35d') in 0.009301 seconds 
  Import took 0.014477 seconds .

========================================================================
Received Import Request.
  Time since last request: 3.971820 seconds.
  path: Assets/Scenes/Levels/1.unity
  artifactKey: Guid(cf19c6bb9de042a4ab6091db7bde4642) Importer(815301076,1909f56bfc062723c751e8b465ee728b)
Start importing Assets/Scenes/Levels/1.unity using Guid(cf19c6bb9de042a4ab6091db7bde4642) Importer(815301076,1909f56bfc062723c751e8b465ee728b)  -> (artifact id: 'b8502eea87ab7d7276749ddf5cc7772f') in 0.014587 seconds 
  Import took 0.035426 seconds .

========================================================================
Received Import Request.
  Time since last request: 0.963868 seconds.
  path: Assets/Scenes/Levels/3.unity
  artifactKey: Guid(c03dbcb83ec6f644c9c961105a8bd10e) Importer(815301076,1909f56bfc062723c751e8b465ee728b)
Start importing Assets/Scenes/Levels/3.unity using Guid(c03dbcb83ec6f644c9c961105a8bd10e) Importer(815301076,1909f56bfc062723c751e8b465ee728b)  -> (artifact id: '1cc16d094d732fbb886fe7018fe2dbaa') in 0.017961 seconds 
  Import took 0.036732 seconds .

========================================================================
Received Import Request.
  Time since last request: 69.299921 seconds.
  path: Assets/Scenes/Levels/2
  artifactKey: Guid(4fbb1903fa7a7814fb31c8ed280f4864) Importer(815301076,1909f56bfc062723c751e8b465ee728b)
Start importing Assets/Scenes/Levels/2 using Guid(4fbb1903fa7a7814fb31c8ed280f4864) Importer(815301076,1909f56bfc062723c751e8b465ee728b)  -> (artifact id: '09e24c5a655ec6bbd049e34b2c3d6d31') in 0.015318 seconds 
  Import took 0.039893 seconds .

AssetImportWorkerClient::OnTransportError - code=2 error=End of file
